Arguments: 
  /usr/local/Cellar/node/8.9.1/bin/node /usr/local/bin/yarn start

PATH: 
  /Users/maksim/.fastlane/bin:/usr/local/bin:/usr/bin:/bin:/usr/sbin:/sbin

Yarn version: 
  1.5.1

Node version: 
  8.9.1

Platform: 
  darwin x64

npm manifest: 
  {
    "name": "react-native-action-sheet",
    "version": "1.0.0",
    "description": "",
    "main": "index.js",
    "scripts": {
      "test": "echo \"Error: no test specified\" && exit 1"
    },
    "repository": {
      "type": "git",
      "url": ""
    },
    "keywords": [],
    "author": "Maksim Bolshakov",
    "license": "MIT",
    "peerDependencies": {
      "react-native": ">=0.40.0"
    }
  }

yarn manifest: 
  No manifest

Lockfile: 
  No lockfile

Trace: 
  Error: Command "start" not found.
      at new MessageError (/Users/maksim/.config/yarn/global/node_modules/yarn/lib/cli.js:186:110)
      at /Users/maksim/.config/yarn/global/node_modules/yarn/lib/cli.js:87307:17
      at Generator.next (<anonymous>)
      at step (/Users/maksim/.config/yarn/global/node_modules/yarn/lib/cli.js:98:30)
      at /Users/maksim/.config/yarn/global/node_modules/yarn/lib/cli.js:116:14
      at new Promise (<anonymous>)
      at new F (/Users/maksim/.config/yarn/global/node_modules/yarn/lib/cli.js:23451:28)
      at /Users/maksim/.config/yarn/global/node_modules/yarn/lib/cli.js:95:12
      at runCommand (/Users/maksim/.config/yarn/global/node_modules/yarn/lib/cli.js:87312:22)
      at Object.<anonymous> (/Users/maksim/.config/yarn/global/node_modules/yarn/lib/cli.js:87412:14)
